build: [1mInstalling tmux[0m
checking for a BSD-compatible install... /usr/bin/install -c
checking whether build environment is sane... yes
checking for a thread-safe mkdir -p... /bin/mkdir -p
checking for gawk... no
checking for mawk... mawk
checking whether make sets $(MAKE)... yes
checking whether make supports nested variables... yes
checking build system type... x86_64-unknown-linux-gnu
checking host system type... x86_64-unknown-linux-gnu
checking for gcc... gcc
checking whether the C compiler works... yes
checking for C compiler default output file name... a.out
checking for suffix of executables... 
checking whether we are cross compiling... no
checking for suffix of object files... o
checking whether we are using the GNU C compiler... yes
checking whether gcc accepts -g... yes
checking for gcc option to accept ISO C89... none needed
checking whether gcc understands -c and -o together... yes
checking for style of include used by make... GNU
checking dependency style of gcc... gcc3
checking how to run the C preprocessor... gcc -E
checking for grep that handles long lines and -e... /bin/grep
checking for egrep... /bin/grep -E
checking for pkg-config... /usr/bin/pkg-config
checking pkg-config is at least version 0.9.0... yes
checking for glibc... yes
checking for ANSI C header files... yes
checking for sys/types.h... yes
checking for sys/stat.h... yes
checking for stdlib.h... yes
checking for string.h... yes
checking for memory.h... yes
checking for strings.h... yes
checking for inttypes.h... yes
checking for stdint.h... yes
checking for unistd.h... yes
checking bitstring.h usability... no
checking bitstring.h presence... no
checking for bitstring.h... no
checking dirent.h usability... yes
checking dirent.h presence... yes
checking for dirent.h... yes
checking fcntl.h usability... yes
checking fcntl.h presence... yes
checking for fcntl.h... yes
checking for inttypes.h... (cached) yes
checking libutil.h usability... no
checking libutil.h presence... no
checking for libutil.h... no
checking ndir.h usability... no
checking ndir.h presence... no
checking for ndir.h... no
checking paths.h usability... yes
checking paths.h presence... yes
checking for paths.h... yes
checking pty.h usability... yes
checking pty.h presence... yes
checking for pty.h... yes
checking for stdint.h... (cached) yes
checking sys/dir.h usability... yes
checking sys/dir.h presence... yes
checking for sys/dir.h... yes
checking sys/ndir.h usability... no
checking sys/ndir.h presence... no
checking for sys/ndir.h... no
checking sys/tree.h usability... no
checking sys/tree.h presence... no
checking for sys/tree.h... no
checking term.h usability... no
checking term.h presence... no
checking for term.h... no
checking util.h usability... no
checking util.h presence... no
checking for util.h... no
checking for library containing flock... none required
checking for dirfd... yes
checking for flock... yes
checking for prctl... yes
checking for sysconf... yes
checking for cfmakeraw... yes
checking for library containing clock_gettime... none required
checking for LIBEVENT... no
checking for library containing event_init... no
checking event.h usability... no
checking event.h presence... no
checking for event.h... no
configure: error: "libevent not found"
make: *** No rule to make target 'install'.  Stop.
build: [1mUpdating index in /home/josuah/.local/tmux[0m
build: [1mRemoving broken links from /home/josuah/.local[0m
